0 info it worked if it ends with ok
1 verbose cli [ 'C:\\Program Files\\nodejs\\node.exe',
1 verbose cli   'C:\\Program Files\\nodejs\\node_modules\\npm\\bin\\npm-cli.js',
1 verbose cli   'run',
1 verbose cli   'client' ]
2 info using npm@3.10.10
3 info using node@v6.11.4
4 verbose run-script [ 'preclient', 'client', 'postclient' ]
5 info lifecycle mern@1.0.0~preclient: mern@1.0.0
6 silly lifecycle mern@1.0.0~preclient: no script for preclient, continuing
7 info lifecycle mern@1.0.0~client: mern@1.0.0
8 verbose lifecycle mern@1.0.0~client: unsafe-perm in lifecycle true
9 verbose lifecycle mern@1.0.0~client: PATH: C:\Program Files\nodejs\node_modules\npm\bin\node-gyp-bin;C:\Users\Abid\source\mern\node_modules\.bin;C:\Program Files\nodejs\node_modules\npm\bin\node-gyp-bin;C:\Users\Abid\source\mern\node_modules\.bin;C:\ProgramData\Oracle\Java\javapath;C:\WINDOWS\system32;C:\WINDOWS;C:\WINDOWS\System32\Wbem;C:\WINDOWS\System32\WindowsPowerShell\v1.0\;C:\Program Files\Java\jdk1.8.0_131\bin;C:\Program Files (x86)\GtkSharp\2.12\bin;C:\Program Files (x86)\QuickTime\QTSystem\;C:\Program Files\Microsoft SQL Server\130\Tools\Binn\;C:\Program Files\nodejs\;C:\Program Files\MATLAB\MATLAB Production Server\R2015a\runtime\win64;C:\Program Files\MATLAB\MATLAB Production Server\R2015a\bin;C:\Program Files\MATLAB\MATLAB Production Server\R2015a\polyspace\bin;C:\Program Files (x86)\IVI Foundation\VISA\WinNT\Bin\;C:\Program Files\IVI Foundation\VISA\Win64\Bin\;C:\Program Files (x86)\IVI Foundation\VISA\WinNT\Bin;C:\Program Files\dotnet\;C:\Windows\Microsoft.NET\Framework64\v4.0.30319;C:\Program Files\Microsoft SQL Server\120\DTS\Binn\;C:\Program Files\Microsoft SQL Server\Client SDK\ODBC\110\Tools\Binn\;C:\Program Files (x86)\Microsoft SQL Server\120\Tools\Binn\;C:\Program Files\Microsoft SQL Server\120\Tools\Binn\;C:\Program Files (x86)\Microsoft SQL Server\120\Tools\Binn\ManagementStudio\;C:\Program Files (x86)\Microsoft SQL Server\120\DTS\Binn\;C:\Program Files\MySQL\MySQL Utilities 1.6\;C:\Program Files (x86)\Microsoft SQL Server\110\Tools\Binn\ManagementStudio\;C:\Program Files (x86)\Microsoft SQL Server\110\Tools\Binn\;C:\Program Files\Microsoft SQL Server\110\Tools\Binn\;C:\Program Files (x86)\Microsoft Visual Studio 10.0\Common7\IDE\PrivateAssemblies\;C:\Program Files (x86)\Microsoft SQL Server\110\DTS\Binn\;C:\WINDOWS\System32\OpenSSH\;C:\Program Files\Git\cmd;C:\Python36\Scripts\;C:\Python36\;C:\Users\Abid\AppData\Local\Microsoft\WindowsApps;C:\Users\Abid\AppData\Roaming\npm;C:\Users\Abid\AppData\Local\Android\sdk\platform-tools;C:\Users\Abid\AppData\Local\Android\sdk\tools;;C:\Users\Abid\AppData\Local\Programs\Microsoft VS Code\bin
10 verbose lifecycle mern@1.0.0~client: CWD: C:\Users\Abid\source\mern
11 silly lifecycle mern@1.0.0~client: Args: [ '/d /s /c', 'npm start --prefix client' ]
12 silly lifecycle mern@1.0.0~client: Returned: code: 3221225786  signal: null
13 info lifecycle mern@1.0.0~client: Failed to exec client script
14 verbose stack Error: mern@1.0.0 client: `npm start --prefix client`
14 verbose stack Exit status 3221225786
14 verbose stack     at EventEmitter.<anonymous> (C:\Program Files\nodejs\node_modules\npm\lib\utils\lifecycle.js:255:16)
14 verbose stack     at emitTwo (events.js:106:13)
14 verbose stack     at EventEmitter.emit (events.js:191:7)
14 verbose stack     at ChildProcess.<anonymous> (C:\Program Files\nodejs\node_modules\npm\lib\utils\spawn.js:40:14)
14 verbose stack     at emitTwo (events.js:106:13)
14 verbose stack     at ChildProcess.emit (events.js:191:7)
14 verbose stack     at maybeClose (internal/child_process.js:920:16)
14 verbose stack     at Process.ChildProcess._handle.onexit (internal/child_process.js:230:5)
15 verbose pkgid mern@1.0.0
16 verbose cwd C:\Users\Abid\source\mern
17 error Windows_NT 10.0.17134
18 error argv "C:\\Program Files\\nodejs\\node.exe" "C:\\Program Files\\nodejs\\node_modules\\npm\\bin\\npm-cli.js" "run" "client"
19 error node v6.11.4
20 error npm  v3.10.10
21 error code ELIFECYCLE
22 error mern@1.0.0 client: `npm start --prefix client`
22 error Exit status 3221225786
23 error Failed at the mern@1.0.0 client script 'npm start --prefix client'.
23 error Make sure you have the latest version of node.js and npm installed.
23 error If you do, this is most likely a problem with the mern package,
23 error not with npm itself.
23 error Tell the author that this fails on your system:
23 error     npm start --prefix client
23 error You can get information on how to open an issue for this project with:
23 error     npm bugs mern
23 error Or if that isn't available, you can get their info via:
23 error     npm owner ls mern
23 error There is likely additional logging output above.
24 verbose exit [ 1, true ]
